mode: set
github.com/jailtonjunior94/address/internal/services/correios_service.go:18.77,20.2 1 1
github.com/jailtonjunior94/address/internal/services/correios_service.go:22.83,35.16 4 1
github.com/jailtonjunior94/address/internal/services/correios_service.go:35.16,37.3 1 0
github.com/jailtonjunior94/address/internal/services/correios_service.go:39.2,43.16 4 1
github.com/jailtonjunior94/address/internal/services/correios_service.go:43.16,45.3 1 0
github.com/jailtonjunior94/address/internal/services/correios_service.go:47.2,47.16 1 1
github.com/jailtonjunior94/address/internal/services/correios_service.go:47.16,49.3 1 1
github.com/jailtonjunior94/address/internal/services/correios_service.go:51.2,51.50 1 1
github.com/jailtonjunior94/address/internal/services/correios_service.go:51.50,54.3 2 1
github.com/jailtonjunior94/address/internal/services/correios_service.go:56.2,58.16 3 1
github.com/jailtonjunior94/address/internal/services/correios_service.go:58.16,60.3 1 0
github.com/jailtonjunior94/address/internal/services/correios_service.go:62.2,71.22 3 1
github.com/jailtonjunior94/address/internal/services/via_cep_service.go:17.73,19.2 1 1
github.com/jailtonjunior94/address/internal/services/via_cep_service.go:21.81,25.16 3 1
github.com/jailtonjunior94/address/internal/services/via_cep_service.go:25.16,27.3 1 0
github.com/jailtonjunior94/address/internal/services/via_cep_service.go:29.2,33.16 4 1
github.com/jailtonjunior94/address/internal/services/via_cep_service.go:33.16,35.3 1 0
github.com/jailtonjunior94/address/internal/services/via_cep_service.go:37.2,37.16 1 1
github.com/jailtonjunior94/address/internal/services/via_cep_service.go:37.16,39.3 1 1
github.com/jailtonjunior94/address/internal/services/via_cep_service.go:41.2,41.50 1 1
github.com/jailtonjunior94/address/internal/services/via_cep_service.go:41.50,44.3 2 1
github.com/jailtonjunior94/address/internal/services/via_cep_service.go:46.2,48.16 3 1
github.com/jailtonjunior94/address/internal/services/via_cep_service.go:48.16,50.3 1 0
github.com/jailtonjunior94/address/internal/services/via_cep_service.go:52.2,59.22 3 1
